[0604/114702:ERROR:process_info.cc(608)] range at 0xfedbd000, size 0x230 fully unreadable
[0604/114702:ERROR:process_info.cc(608)] range at 0xfedbc000, size 0xf84 fully unreadable
[0604/120508:ERROR:process_info.cc(608)] range at 0xfe80f000, size 0x230 fully unreadable
[0604/120508:ERROR:process_info.cc(608)] range at 0xfe80d000, size 0xf84 fully unreadable
[0604/121910:ERROR:process_info.cc(608)] range at 0xfed0e000, size 0x230 fully unreadable
[0604/121910:ERROR:process_info.cc(608)] range at 0xfed0d000, size 0xf84 fully unreadable
[0604/121933:ERROR:process_info.cc(608)] range at 0xff7b4000, size 0x230 fully unreadable
[0604/121933:ERROR:process_info.cc(608)] range at 0xff7bf000, size 0xf84 fully unreadable
[0604/123709:ERROR:process_info.cc(608)] range at 0xfe5da000, size 0x230 fully unreadable
[0604/123709:ERROR:process_info.cc(608)] range at 0xfe5df000, size 0xf84 fully unreadable
[0605/103742:ERROR:process_info.cc(608)] range at 0xfeeef000, size 0x230 fully unreadable
[0605/103742:ERROR:process_reader_win.cc(232)] ReadMemory at 0xfeeef000 of 560 bytes failed: 仅完成部分的 ReadProcessMemory 或 WriteProcessMemory 请求。 (0x12B)
[0605/103742:ERROR:process_snapshot_win.cc(342)] ReadMemory PEB
[0605/103742:ERROR:process_reader_win.cc(232)] ReadMemory at 0x340000 of 64 bytes failed: 仅完成部分的 ReadProcessMemory 或 WriteProcessMemory 请求。 (0x12B)
[0605/103742:WARNING:pe_image_reader.cc(280)] could not read dos header from C:\Program Files (x86)\Google\Chrome\Application\chrome.exe
[0605/103742:ERROR:process_reader_win.cc(232)] ReadMemory at 0x770a0000 of 64 bytes failed: 仅完成部分的 ReadProcessMemory 或 WriteProcessMemory 请求。 (0x12B)
[0605/103742:WARNING:pe_image_reader.cc(280)] could not read dos header from C:\WINDOWS\SYSTEM32\ntdll.dll
[0605/103742:ERROR:process_reader_win.cc(232)] ReadMemory at 0x76830000 of 64 bytes failed: 仅完成部分的 ReadProcessMemory 或 WriteProcessMemory 请求。 (0x12B)
[0605/103742:WARNING:pe_image_reader.cc(280)] could not read dos header from C:\WINDOWS\SYSTEM32\KERNELBASE.dll
[0605/103742:ERROR:process_reader_win.cc(232)] ReadMemory at 0x75f00000 of 64 bytes failed: 仅完成部分的 ReadProcessMemory 或 WriteProcessMemory 请求。 (0x12B)
[0605/103742:WARNING:pe_image_reader.cc(280)] could not read dos header from C:\WINDOWS\SYSTEM32\KERNEL32.DLL
[0605/103742:ERROR:process_reader_win.cc(232)] ReadMemory at 0x6cf80000 of 64 bytes failed: 仅完成部分的 ReadProcessMemory 或 WriteProcessMemory 请求。 (0x12B)
[0605/103742:WARNING:pe_image_reader.cc(280)] could not read dos header from C:\WINDOWS\system32\apphelp.dll
[0605/103742:ERROR:process_reader_win.cc(232)] ReadMemory at 0x76be0000 of 64 bytes failed: 仅完成部分的 ReadProcessMemory 或 WriteProcessMemory 请求。 (0x12B)
[0605/103742:WARNING:pe_image_reader.cc(280)] could not read dos header from C:\WINDOWS\SYSTEM32\msvcrt.dll
[0605/103742:ERROR:process_reader_win.cc(232)] ReadMemory at 0x74100000 of 64 bytes failed: 仅完成部分的 ReadProcessMemory 或 WriteProcessMemory 请求。 (0x12B)
[0605/103742:WARNING:pe_image_reader.cc(280)] could not read dos header from C:\WINDOWS\SYSTEM32\bcryptPrimitives.dll
[0605/103742:ERROR:process_reader_win.cc(232)] ReadMemory at 0x74160000 of 64 bytes failed: 仅完成部分的 ReadProcessMemory 或 WriteProcessMemory 请求。 (0x12B)
[0605/103742:WARNING:pe_image_reader.cc(280)] could not read dos header from C:\WINDOWS\SYSTEM32\CRYPTBASE.dll
[0605/103742:ERROR:process_reader_win.cc(232)] ReadMemory at 0x74170000 of 64 bytes failed: 仅完成部分的 ReadProcessMemory 或 WriteProcessMemory 请求。 (0x12B)
[0605/103742:WARNING:pe_image_reader.cc(280)] could not read dos header from C:\WINDOWS\SYSTEM32\SspiCli.dll
[0605/103742:ERROR:process_reader_win.cc(232)] ReadMemory at 0x76140000 of 64 bytes failed: 仅完成部分的 ReadProcessMemory 或 WriteProcessMemory 请求。 (0x12B)
[0605/103742:WARNING:pe_image_reader.cc(280)] could not read dos header from C:\WINDOWS\SYSTEM32\RPCRT4.dll
[0605/103742:ERROR:process_reader_win.cc(232)] ReadMemory at 0x76250000 of 64 bytes failed: 仅完成部分的 ReadProcessMemory 或 WriteProcessMemory 请求。 (0x12B)
[0605/103742:WARNING:pe_image_reader.cc(280)] could not read dos header from C:\WINDOWS\SYSTEM32\sechost.dll
[0605/103742:ERROR:process_reader_win.cc(232)] ReadMemory at 0x74320000 of 64 bytes failed: 仅完成部分的 ReadProcessMemory 或 WriteProcessMemory 请求。 (0x12B)
[0605/103742:WARNING:pe_image_reader.cc(280)] could not read dos header from C:\WINDOWS\SYSTEM32\ADVAPI32.dll
[0605/103742:ERROR:process_reader_win.cc(232)] ReadMemory at 0x6bda0000 of 64 bytes failed: 仅完成部分的 ReadProcessMemory 或 WriteProcessMemory 请求。 (0x12B)
[0605/103742:WARNING:pe_image_reader.cc(280)] could not read dos header from C:\Program Files (x86)\Google\Chrome\Application\50.0.2661.102\chrome_elf.dll
[0605/103742:ERROR:process_reader_win.cc(232)] ReadMemory at 0x73cd0000 of 64 bytes failed: 仅完成部分的 ReadProcessMemory 或 WriteProcessMemory 请求。 (0x12B)
[0605/103742:WARNING:pe_image_reader.cc(280)] could not read dos header from C:\WINDOWS\SYSTEM32\VERSION.dll
[0605/103742:ERROR:process_reader_win.cc(232)] ReadMemory at 0x764c0000 of 64 bytes failed: 仅完成部分的 ReadProcessMemory 或 WriteProcessMemory 请求。 (0x12B)
[0605/103742:WARNING:pe_image_reader.cc(280)] could not read dos header from C:\WINDOWS\SYSTEM32\cfgmgr32.dll
[0605/103742:ERROR:process_reader_win.cc(232)] ReadMemory at 0x73610000 of 64 bytes failed: 仅完成部分的 ReadProcessMemory 或 WriteProcessMemory 请求。 (0x12B)
[0605/103742:WARNING:pe_image_reader.cc(280)] could not read dos header from C:\WINDOWS\SYSTEM32\DEVOBJ.dll
[0605/103742:ERROR:process_reader_win.cc(232)] ReadMemory at 0x73a90000 of 64 bytes failed: 仅完成部分的 ReadProcessMemory 或 WriteProcessMemory 请求。 (0x12B)
[0605/103742:WARNING:pe_image_reader.cc(280)] could not read dos header from C:\WINDOWS\SYSTEM32\WINMMBASE.dll
[0605/103742:ERROR:process_reader_win.cc(232)] ReadMemory at 0x76500000 of 64 bytes failed: 仅完成部分的 ReadProcessMemory 或 WriteProcessMemory 请求。 (0x12B)
[0605/103742:WARNING:pe_image_reader.cc(280)] could not read dos header from C:\WINDOWS\SYSTEM32\GDI32.dll
[0605/103742:ERROR:process_reader_win.cc(232)] ReadMemory at 0x766f0000 of 64 bytes failed: 仅完成部分的 ReadProcessMemory 或 WriteProcessMemory 请求。 (0x12B)
[0605/103742:WARNING:pe_image_reader.cc(280)] could not read dos header from C:\WINDOWS\SYSTEM32\USER32.dll
[0605/103742:ERROR:process_reader_win.cc(232)] ReadMemory at 0x743d0000 of 64 bytes failed: 仅完成部分的 ReadProcessMemory 或 WriteProcessMemory 请求。 (0x12B)
[0605/103742:WARNING:pe_image_reader.cc(280)] could not read dos header from C:\WINDOWS\SYSTEM32\MSCTF.dll
[0605/103742:ERROR:process_reader_win.cc(232)] ReadMemory at 0x743a0000 of 64 bytes failed: 仅完成部分的 ReadProcessMemory 或 WriteProcessMemory 请求。 (0x12B)
[0605/103742:WARNING:pe_image_reader.cc(280)] could not read dos header from C:\WINDOWS\SYSTEM32\IMM32.DLL
[0605/103742:ERROR:process_reader_win.cc(232)] ReadMemory at 0x73d20000 of 64 bytes failed: 仅完成部分的 ReadProcessMemory 或 WriteProcessMemory 请求。 (0x12B)
[0605/103742:WARNING:pe_image_reader.cc(280)] could not read dos header from C:\WINDOWS\SYSTEM32\WINMM.dll
[0605/103742:ERROR:process_reader_win.cc(232)] ReadMemory at 0x76010000 of 64 bytes failed: 仅完成部分的 ReadProcessMemory 或 WriteProcessMemory 请求。 (0x12B)
[0605/103742:WARNING:pe_image_reader.cc(280)] could not read dos header from C:\WINDOWS\SYSTEM32\profapi.dll
[0605/103742:ERROR:process_reader_win.cc(232)] ReadMemory at 0x74040000 of 64 bytes failed: 仅完成部分的 ReadProcessMemory 或 WriteProcessMemory 请求。 (0x12B)
[0605/103742:WARNING:pe_image_reader.cc(280)] could not read dos header from C:\WINDOWS\SYSTEM32\USERENV.dll
[0605/103742:ERROR:process_reader_win.cc(232)] ReadMemory at 0x73a80000 of 64 bytes failed: 仅完成部分的 ReadProcessMemory 或 WriteProcessMemory 请求。 (0x12B)
[0605/103742:WARNING:pe_image_reader.cc(280)] could not read dos header from C:\WINDOWS\SYSTEM32\WTSAPI32.dll
[0605/103742:ERROR:process_reader_win.cc(232)] ReadMemory at 0x73190000 of 64 bytes failed: 仅完成部分的 ReadProcessMemory 或 WriteProcessMemory 请求。 (0x12B)
[0605/103742:WARNING:pe_image_reader.cc(280)] could not read dos header from C:\WINDOWS\SYSTEM32\WINHTTP.dll
[0605/103742:ERROR:process_reader_win.cc(232)] ReadMemory at 0x76ee0000 of 64 bytes failed: 仅完成部分的 ReadProcessMemory 或 WriteProcessMemory 请求。 (0x12B)
[0605/103742:WARNING:pe_image_reader.cc(280)] could not read dos header from C:\WINDOWS\SYSTEM32\combase.dll
[0605/103742:ERROR:process_reader_win.cc(232)] ReadMemory at 0x76650000 of 64 bytes failed: 仅完成部分的 ReadProcessMemory 或 WriteProcessMemory 请求。 (0x12B)
[0605/103742:WARNING:pe_image_reader.cc(280)] could not read dos header from C:\WINDOWS\SYSTEM32\shlwapi.dll
[0605/103742:ERROR:process_reader_win.cc(232)] ReadMemory at 0x745a0000 of 64 bytes failed: 仅完成部分的 ReadProcessMemory 或 WriteProcessMemory 请求。 (0x12B)
[0605/103742:WARNING:pe_image_reader.cc(280)] could not read dos header from C:\WINDOWS\SYSTEM32\kernel.appcore.dll
[0605/103742:ERROR:process_reader_win.cc(232)] ReadMemory at 0x76b50000 of 64 bytes failed: 仅完成部分的 ReadProcessMemory 或 WriteProcessMemory 请求。 (0x12B)
[0605/103742:WARNING:pe_image_reader.cc(280)] could not read dos header from C:\WINDOWS\SYSTEM32\shcore.dll
[0605/103742:ERROR:process_reader_win.cc(232)] ReadMemory at 0x74550000 of 64 bytes failed: 仅完成部分的 ReadProcessMemory 或 WriteProcessMemory 请求。 (0x12B)
[0605/103742:WARNING:pe_image_reader.cc(280)] could not read dos header from C:\WINDOWS\SYSTEM32\powrprof.dll
[0605/103742:ERROR:process_reader_win.cc(232)] ReadMemory at 0x75a20000 of 64 bytes failed: 仅完成部分的 ReadProcessMemory 或 WriteProcessMemory 请求。 (0x12B)
[0605/103742:WARNING:pe_image_reader.cc(280)] could not read dos header from C:\WINDOWS\SYSTEM32\windows.storage.dll
[0605/103742:ERROR:process_reader_win.cc(232)] ReadMemory at 0x745b0000 of 64 bytes failed: 仅完成部分的 ReadProcessMemory 或 WriteProcessMemory 请求。 (0x12B)
[0605/103742:WARNING:pe_image_reader.cc(280)] could not read dos header from C:\WINDOWS\SYSTEM32\SHELL32.dll
[0605/103742:ERROR:process_reader_win.cc(232)] ReadMemory at 0x76420000 of 64 bytes failed: 仅完成部分的 ReadProcessMemory 或 WriteProcessMemory 请求。 (0x12B)
[0605/103742:WARNING:pe_image_reader.cc(280)] could not read dos header from C:\WINDOWS\SYSTEM32\OLEAUT32.dll
[0605/103742:ERROR:process_reader_win.cc(232)] ReadMemory at 0x74230000 of 64 bytes failed: 仅完成部分的 ReadProcessMemory 或 WriteProcessMemory 请求。 (0x12B)
[0605/103742:WARNING:pe_image_reader.cc(280)] could not read dos header from C:\WINDOWS\SYSTEM32\ole32.dll
[0605/103742:ERROR:process_reader_win.cc(232)] ReadMemory at 0x75a10000 of 64 bytes failed: 仅完成部分的 ReadProcessMemory 或 WriteProcessMemory 请求。 (0x12B)
[0605/103742:WARNING:pe_image_reader.cc(280)] could not read dos header from C:\WINDOWS\SYSTEM32\PSAPI.DLL
[0605/103742:ERROR:process_reader_win.cc(232)] ReadMemory at 0x76b20000 of 64 bytes failed: 仅完成部分的 ReadProcessMemory 或 WriteProcessMemory 请求。 (0x12B)
[0605/103742:WARNING:pe_image_reader.cc(280)] could not read dos header from C:\WINDOWS\SYSTEM32\NSI.dll
[0605/103742:ERROR:process_reader_win.cc(232)] ReadMemory at 0x76020000 of 64 bytes failed: 仅完成部分的 ReadProcessMemory 或 WriteProcessMemory 请求。 (0x12B)
[0605/103742:WARNING:pe_image_reader.cc(280)] could not read dos header from C:\WINDOWS\SYSTEM32\WS2_32.dll
[0605/103742:ERROR:process_reader_win.cc(232)] ReadMemory at 0x73910000 of 64 bytes failed: 仅完成部分的 ReadProcessMemory 或 WriteProcessMemory 请求。 (0x12B)
[0605/103742:WARNING:pe_image_reader.cc(280)] could not read dos header from C:\WINDOWS\SYSTEM32\bcrypt.dll
[0605/103742:ERROR:process_reader_win.cc(232)] ReadMemory at 0x73930000 of 64 bytes failed: 仅完成部分的 ReadProcessMemory 或 WriteProcessMemory 请求。 (0x12B)
[0605/103742:WARNING:pe_image_reader.cc(280)] could not read dos header from C:\WINDOWS\SYSTEM32\wkscli.dll
[0605/103742:ERROR:process_reader_win.cc(232)] ReadMemory at 0x73950000 of 64 bytes failed: 仅完成部分的 ReadProcessMemory 或 WriteProcessMemory 请求。 (0x12B)
[0605/103742:WARNING:pe_image_reader.cc(280)] could not read dos header from C:\WINDOWS\SYSTEM32\srvcli.dll
[0605/103742:ERROR:process_reader_win.cc(232)] ReadMemory at 0x73940000 of 64 bytes failed: 仅完成部分的 ReadProcessMemory 或 WriteProcessMemory 请求。 (0x12B)
[0605/103742:WARNING:pe_image_reader.cc(280)] could not read dos header from C:\WINDOWS\SYSTEM32\netutils.dll
[0605/103742:ERROR:process_reader_win.cc(232)] ReadMemory at 0x73970000 of 64 bytes failed: 仅完成部分的 ReadProcessMemory 或 WriteProcessMemory 请求。 (0x12B)
[0605/103742:WARNING:pe_image_reader.cc(280)] could not read dos header from C:\WINDOWS\SYSTEM32\NETAPI32.dll
[0605/103742:ERROR:process_reader_win.cc(232)] ReadMemory at 0x69d10000 of 64 bytes failed: 仅完成部分的 ReadProcessMemory 或 WriteProcessMemory 请求。 (0x12B)
[0605/103742:WARNING:pe_image_reader.cc(280)] could not read dos header from C:\Program Files (x86)\360\360SAFE\safemon\safemon.dll
[0605/103742:ERROR:process_reader_win.cc(232)] ReadMemory at 0x699d0000 of 64 bytes failed: 仅完成部分的 ReadProcessMemory 或 WriteProcessMemory 请求。 (0x12B)
[0605/103742:WARNING:pe_image_reader.cc(280)] could not read dos header from C:\Program Files (x86)\360\360SAFE\safemon\iNetSafe.dll
[0605/103742:ERROR:process_reader_win.cc(232)] ReadMemory at 0x72030000 of 64 bytes failed: 仅完成部分的 ReadProcessMemory 或 WriteProcessMemory 请求。 (0x12B)
[0605/103742:WARNING:pe_image_reader.cc(280)] could not read dos header from C:\WINDOWS\SYSTEM32\WINSPOOL.DRV
[0605/103742:ERROR:process_reader_win.cc(232)] ReadMemory at 0x72130000 of 64 bytes failed: 仅完成部分的 ReadProcessMemory 或 WriteProcessMemory 请求。 (0x12B)
[0605/103742:WARNING:pe_image_reader.cc(280)] could not read dos header from C:\WINDOWS\WinSxS\x86_microsoft.windows.common-controls_6595b64144ccf1df_6.0.10240.16384_none_3bccb1ff6bcd1849\COMCTL32.dll
[0605/103742:ERROR:process_reader_win.cc(232)] ReadMemory at 0x76080000 of 64 bytes failed: 仅完成部分的 ReadProcessMemory 或 WriteProcessMemory 请求。 (0x12B)
[0605/103742:WARNING:pe_image_reader.cc(280)] could not read dos header from C:\WINDOWS\SYSTEM32\COMDLG32.dll
[0605/103742:ERROR:process_reader_win.cc(232)] ReadMemory at 0x73290000 of 64 bytes failed: 仅完成部分的 ReadProcessMemory 或 WriteProcessMemory 请求。 (0x12B)
[0605/103742:WARNING:pe_image_reader.cc(280)] could not read dos header from C:\WINDOWS\SYSTEM32\WINNSI.DLL
[0605/103742:ERROR:process_reader_win.cc(232)] ReadMemory at 0x732a0000 of 64 bytes failed: 仅完成部分的 ReadProcessMemory 或 WriteProcessMemory 请求。 (0x12B)
[0605/103742:WARNING:pe_image_reader.cc(280)] could not read dos header from C:\WINDOWS\SYSTEM32\IPHLPAPI.DLL
[0605/103742:ERROR:process_reader_win.cc(232)] ReadMemory at 0x6c4a0000 of 64 bytes failed: 仅完成部分的 ReadProcessMemory 或 WriteProcessMemory 请求。 (0x12B)
[0605/103742:WARNING:pe_image_reader.cc(280)] could not read dos header from C:\WINDOWS\SYSTEM32\USP10.dll
[0605/103742:ERROR:process_reader_win.cc(232)] ReadMemory at 0x76b40000 of 64 bytes failed: 仅完成部分的 ReadProcessMemory 或 WriteProcessMemory 请求。 (0x12B)
[0605/103742:WARNING:pe_image_reader.cc(280)] could not read dos header from C:\WINDOWS\SYSTEM32\MSASN1.dll
[0605/103742:ERROR:process_reader_win.cc(232)] ReadMemory at 0x762a0000 of 64 bytes failed: 仅完成部分的 ReadProcessMemory 或 WriteProcessMemory 请求。 (0x12B)
[0605/103742:WARNING:pe_image_reader.cc(280)] could not read dos header from C:\WINDOWS\SYSTEM32\CRYPT32.dll
[0605/103742:ERROR:process_reader_win.cc(232)] ReadMemory at 0x766a0000 of 64 bytes failed: 仅完成部分的 ReadProcessMemory 或 WriteProcessMemory 请求。 (0x12B)
[0605/103742:WARNING:pe_image_reader.cc(280)] could not read dos header from C:\WINDOWS\SYSTEM32\WINTRUST.dll
[0605/103742:ERROR:process_reader_win.cc(232)] ReadMemory at 0x72ea0000 of 64 bytes failed: 仅完成部分的 ReadProcessMemory 或 WriteProcessMemory 请求。 (0x12B)
[0605/103742:WARNING:pe_image_reader.cc(280)] could not read dos header from C:\WINDOWS\SYSTEM32\Secur32.dll
[0605/103742:ERROR:process_reader_win.cc(232)] ReadMemory at 0x5fe00000 of 64 bytes failed: 仅完成部分的 ReadProcessMemory 或 WriteProcessMemory 请求。 (0x12B)
[0605/103742:WARNING:pe_image_reader.cc(280)] could not read dos header from C:\Program Files (x86)\Google\Chrome\Application\50.0.2661.102\chrome_child.dll
[0605/103742:ERROR:process_reader_win.cc(232)] ReadMemory at 0x6a680000 of 64 bytes failed: 仅完成部分的 ReadProcessMemory 或 WriteProcessMemory 请求。 (0x12B)
[0605/103742:WARNING:pe_image_reader.cc(280)] could not read dos header from C:\Program Files (x86)\360\360SAFE\360verify.dll
[0605/103742:ERROR:process_reader_win.cc(232)] ReadMemory at 0x71860000 of 64 bytes failed: 仅完成部分的 ReadProcessMemory 或 WriteProcessMemory 请求。 (0x12B)
[0605/103742:WARNING:pe_image_reader.cc(280)] could not read dos header from C:\WINDOWS\SYSTEM32\dwrite.dll
[0605/103742:ERROR:process_reader_win.cc(232)] ReadMemory at 0x771a8b80 of 5888 bytes failed: 仅完成部分的 ReadProcessMemory 或 WriteProcessMemory 请求。 (0x12B)
[0605/103742:ERROR:process_reader_win.cc(232)] ReadMemory at 0x340000 of 64 bytes failed: 仅完成部分的 ReadProcessMemory 或 WriteProcessMemory 请求。 (0x12B)
[0605/103742:WARNING:pe_image_reader.cc(280)] could not read dos header from C:\Program Files (x86)\Google\Chrome\Application\chrome.exe
[0605/103742:ERROR:process_reader_win.cc(232)] ReadMemory at 0x770a0000 of 64 bytes failed: 仅完成部分的 ReadProcessMemory 或 WriteProcessMemory 请求。 (0x12B)
[0605/103742:WARNING:pe_image_reader.cc(280)] could not read dos header from C:\WINDOWS\SYSTEM32\ntdll.dll
[0605/103742:ERROR:process_reader_win.cc(232)] ReadMemory at 0x76830000 of 64 bytes failed: 仅完成部分的 ReadProcessMemory 或 WriteProcessMemory 请求。 (0x12B)
[0605/103742:WARNING:pe_image_reader.cc(280)] could not read dos header from C:\WINDOWS\SYSTEM32\KERNELBASE.dll
[0605/103742:ERROR:process_reader_win.cc(232)] ReadMemory at 0x75f00000 of 64 bytes failed: 仅完成部分的 ReadProcessMemory 或 WriteProcessMemory 请求。 (0x12B)
[0605/103742:WARNING:pe_image_reader.cc(280)] could not read dos header from C:\WINDOWS\SYSTEM32\KERNEL32.DLL
[0605/103742:ERROR:process_reader_win.cc(232)] ReadMemory at 0x6cf80000 of 64 bytes failed: 仅完成部分的 ReadProcessMemory 或 WriteProcessMemory 请求。 (0x12B)
[0605/103742:WARNING:pe_image_reader.cc(280)] could not read dos header from C:\WINDOWS\system32\apphelp.dll
[0605/103742:ERROR:process_reader_win.cc(232)] ReadMemory at 0x76be0000 of 64 bytes failed: 仅完成部分的 ReadProcessMemory 或 WriteProcessMemory 请求。 (0x12B)
[0605/103742:WARNING:pe_image_reader.cc(280)] could not read dos header from C:\WINDOWS\SYSTEM32\msvcrt.dll
[0605/103742:ERROR:process_reader_win.cc(232)] ReadMemory at 0x74100000 of 64 bytes failed: 仅完成部分的 ReadProcessMemory 或 WriteProcessMemory 请求。 (0x12B)
[0605/103742:WARNING:pe_image_reader.cc(280)] could not read dos header from C:\WINDOWS\SYSTEM32\bcryptPrimitives.dll
[0605/103742:ERROR:process_reader_win.cc(232)] ReadMemory at 0x74160000 of 64 bytes failed: 仅完成部分的 ReadProcessMemory 或 WriteProcessMemory 请求。 (0x12B)
[0605/103742:WARNING:pe_image_reader.cc(280)] could not read dos header from C:\WINDOWS\SYSTEM32\CRYPTBASE.dll
[0605/103742:ERROR:process_reader_win.cc(232)] ReadMemory at 0x74170000 of 64 bytes failed: 仅完成部分的 ReadProcessMemory 或 WriteProcessMemory 请求。 (0x12B)
[0605/103742:WARNING:pe_image_reader.cc(280)] could not read dos header from C:\WINDOWS\SYSTEM32\SspiCli.dll
[0605/103742:ERROR:process_reader_win.cc(232)] ReadMemory at 0x76140000 of 64 bytes failed: 仅完成部分的 ReadProcessMemory 或 WriteProcessMemory 请求。 (0x12B)
[0605/103742:WARNING:pe_image_reader.cc(280)] could not read dos header from C:\WINDOWS\SYSTEM32\RPCRT4.dll
[0605/103742:ERROR:process_reader_win.cc(232)] ReadMemory at 0x76250000 of 64 bytes failed: 仅完成部分的 ReadProcessMemory 或 WriteProcessMemory 请求。 (0x12B)
[0605/103742:WARNING:pe_image_reader.cc(280)] could not read dos header from C:\WINDOWS\SYSTEM32\sechost.dll
[0605/103742:ERROR:process_reader_win.cc(232)] ReadMemory at 0x74320000 of 64 bytes failed: 仅完成部分的 ReadProcessMemory 或 WriteProcessMemory 请求。 (0x12B)
[0605/103742:WARNING:pe_image_reader.cc(280)] could not read dos header from C:\WINDOWS\SYSTEM32\ADVAPI32.dll
[0605/103742:ERROR:process_reader_win.cc(232)] ReadMemory at 0x6bda0000 of 64 bytes failed: 仅完成部分的 ReadProcessMemory 或 WriteProcessMemory 请求。 (0x12B)
[0605/103742:WARNING:pe_image_reader.cc(280)] could not read dos header from C:\Program Files (x86)\Google\Chrome\Application\50.0.2661.102\chrome_elf.dll
[0605/103742:ERROR:process_reader_win.cc(232)] ReadMemory at 0x73cd0000 of 64 bytes failed: 仅完成部分的 ReadProcessMemory 或 WriteProcessMemory 请求。 (0x12B)
[0605/103742:WARNING:pe_image_reader.cc(280)] could not read dos header from C:\WINDOWS\SYSTEM32\VERSION.dll
[0605/103742:ERROR:process_reader_win.cc(232)] ReadMemory at 0x764c0000 of 64 bytes failed: 仅完成部分的 ReadProcessMemory 或 WriteProcessMemory 请求。 (0x12B)
[0605/103742:WARNING:pe_image_reader.cc(280)] could not read dos header from C:\WINDOWS\SYSTEM32\cfgmgr32.dll
[0605/103742:ERROR:process_reader_win.cc(232)] ReadMemory at 0x73610000 of 64 bytes failed: 仅完成部分的 ReadProcessMemory 或 WriteProcessMemory 请求。 (0x12B)
[0605/103742:WARNING:pe_image_reader.cc(280)] could not read dos header from C:\WINDOWS\SYSTEM32\DEVOBJ.dll
[0605/103742:ERROR:process_reader_win.cc(232)] ReadMemory at 0x73a90000 of 64 bytes failed: 仅完成部分的 ReadProcessMemory 或 WriteProcessMemory 请求。 (0x12B)
[0605/103742:WARNING:pe_image_reader.cc(280)] could not read dos header from C:\WINDOWS\SYSTEM32\WINMMBASE.dll
[0605/103742:ERROR:process_reader_win.cc(232)] ReadMemory at 0x76500000 of 64 bytes failed: 仅完成部分的 ReadProcessMemory 或 WriteProcessMemory 请求。 (0x12B)
[0605/103742:WARNING:pe_image_reader.cc(280)] could not read dos header from C:\WINDOWS\SYSTEM32\GDI32.dll
[0605/103742:ERROR:process_reader_win.cc(232)] ReadMemory at 0x766f0000 of 64 bytes failed: 仅完成部分的 ReadProcessMemory 或 WriteProcessMemory 请求。 (0x12B)
[0605/103742:WARNING:pe_image_reader.cc(280)] could not read dos header from C:\WINDOWS\SYSTEM32\USER32.dll
[0605/103742:ERROR:process_reader_win.cc(232)] ReadMemory at 0x743d0000 of 64 bytes failed: 仅完成部分的 ReadProcessMemory 或 WriteProcessMemory 请求。 (0x12B)
[0605/103742:WARNING:pe_image_reader.cc(280)] could not read dos header from C:\WINDOWS\SYSTEM32\MSCTF.dll
[0605/103742:ERROR:process_reader_win.cc(232)] ReadMemory at 0x743a0000 of 64 bytes failed: 仅完成部分的 ReadProcessMemory 或 WriteProcessMemory 请求。 (0x12B)
[0605/103742:WARNING:pe_image_reader.cc(280)] could not read dos header from C:\WINDOWS\SYSTEM32\IMM32.DLL
[0605/103742:ERROR:process_reader_win.cc(232)] ReadMemory at 0x73d20000 of 64 bytes failed: 仅完成部分的 ReadProcessMemory 或 WriteProcessMemory 请求。 (0x12B)
[0605/103742:WARNING:pe_image_reader.cc(280)] could not read dos header from C:\WINDOWS\SYSTEM32\WINMM.dll
[0605/103742:ERROR:process_reader_win.cc(232)] ReadMemory at 0x76010000 of 64 bytes failed: 仅完成部分的 ReadProcessMemory 或 WriteProcessMemory 请求。 (0x12B)
[0605/103742:WARNING:pe_image_reader.cc(280)] could not read dos header from C:\WINDOWS\SYSTEM32\profapi.dll
[0605/103742:ERROR:process_reader_win.cc(232)] ReadMemory at 0x74040000 of 64 bytes failed: 仅完成部分的 ReadProcessMemory 或 WriteProcessMemory 请求。 (0x12B)
[0605/103742:WARNING:pe_image_reader.cc(280)] could not read dos header from C:\WINDOWS\SYSTEM32\USERENV.dll
[0605/103742:ERROR:process_reader_win.cc(232)] ReadMemory at 0x73a80000 of 64 bytes failed: 仅完成部分的 ReadProcessMemory 或 WriteProcessMemory 请求。 (0x12B)
[0605/103742:WARNING:pe_image_reader.cc(280)] could not read dos header from C:\WINDOWS\SYSTEM32\WTSAPI32.dll
[0605/103742:ERROR:process_reader_win.cc(232)] ReadMemory at 0x73190000 of 64 bytes failed: 仅完成部分的 ReadProcessMemory 或 WriteProcessMemory 请求。 (0x12B)
[0605/103742:WARNING:pe_image_reader.cc(280)] could not read dos header from C:\WINDOWS\SYSTEM32\WINHTTP.dll
[0605/103742:ERROR:process_reader_win.cc(232)] ReadMemory at 0x76ee0000 of 64 bytes failed: 仅完成部分的 ReadProcessMemory 或 WriteProcessMemory 请求。 (0x12B)
[0605/103742:WARNING:pe_image_reader.cc(280)] could not read dos header from C:\WINDOWS\SYSTEM32\combase.dll
[0605/103742:ERROR:process_reader_win.cc(232)] ReadMemory at 0x76650000 of 64 bytes failed: 仅完成部分的 ReadProcessMemory 或 WriteProcessMemory 请求。 (0x12B)
[0605/103742:WARNING:pe_image_reader.cc(280)] could not read dos header from C:\WINDOWS\SYSTEM32\shlwapi.dll
[0605/103742:ERROR:process_reader_win.cc(232)] ReadMemory at 0x745a0000 of 64 bytes failed: 仅完成部分的 ReadProcessMemory 或 WriteProcessMemory 请求。 (0x12B)
[0605/103742:WARNING:pe_image_reader.cc(280)] could not read dos header from C:\WINDOWS\SYSTEM32\kernel.appcore.dll
[0605/103742:ERROR:process_reader_win.cc(232)] ReadMemory at 0x76b50000 of 64 bytes failed: 仅完成部分的 ReadProcessMemory 或 WriteProcessMemory 请求。 (0x12B)
[0605/103742:WARNING:pe_image_reader.cc(280)] could not read dos header from C:\WINDOWS\SYSTEM32\shcore.dll
[0605/103742:ERROR:process_reader_win.cc(232)] ReadMemory at 0x74550000 of 64 bytes failed: 仅完成部分的 ReadProcessMemory 或 WriteProcessMemory 请求。 (0x12B)
[0605/103742:WARNING:pe_image_reader.cc(280)] could not read dos header from C:\WINDOWS\SYSTEM32\powrprof.dll
[0605/103742:ERROR:process_reader_win.cc(232)] ReadMemory at 0x75a20000 of 64 bytes failed: 仅完成部分的 ReadProcessMemory 或 WriteProcessMemory 请求。 (0x12B)
[0605/103742:WARNING:pe_image_reader.cc(280)] could not read dos header from C:\WINDOWS\SYSTEM32\windows.storage.dll
[0605/103742:ERROR:process_reader_win.cc(232)] ReadMemory at 0x745b0000 of 64 bytes failed: 仅完成部分的 ReadProcessMemory 或 WriteProcessMemory 请求。 (0x12B)
[0605/103742:WARNING:pe_image_reader.cc(280)] could not read dos header from C:\WINDOWS\SYSTEM32\SHELL32.dll
[0605/103742:ERROR:process_reader_win.cc(232)] ReadMemory at 0x76420000 of 64 bytes failed: 仅完成部分的 ReadProcessMemory 或 WriteProcessMemory 请求。 (0x12B)
[0605/103742:WARNING:pe_image_reader.cc(280)] could not read dos header from C:\WINDOWS\SYSTEM32\OLEAUT32.dll
[0605/103742:ERROR:process_reader_win.cc(232)] ReadMemory at 0x74230000 of 64 bytes failed: 仅完成部分的 ReadProcessMemory 或 WriteProcessMemory 请求。 (0x12B)
[0605/103742:WARNING:pe_image_reader.cc(280)] could not read dos header from C:\WINDOWS\SYSTEM32\ole32.dll
[0605/103742:ERROR:process_reader_win.cc(232)] ReadMemory at 0x75a10000 of 64 bytes failed: 仅完成部分的 ReadProcessMemory 或 WriteProcessMemory 请求。 (0x12B)
[0605/103742:WARNING:pe_image_reader.cc(280)] could not read dos header from C:\WINDOWS\SYSTEM32\PSAPI.DLL
[0605/103742:ERROR:process_reader_win.cc(232)] ReadMemory at 0x76b20000 of 64 bytes failed: 仅完成部分的 ReadProcessMemory 或 WriteProcessMemory 请求。 (0x12B)
[0605/103742:WARNING:pe_image_reader.cc(280)] could not read dos header from C:\WINDOWS\SYSTEM32\NSI.dll
[0605/103742:ERROR:process_reader_win.cc(232)] ReadMemory at 0x76020000 of 64 bytes failed: 仅完成部分的 ReadProcessMemory 或 WriteProcessMemory 请求。 (0x12B)
[0605/103742:WARNING:pe_image_reader.cc(280)] could not read dos header from C:\WINDOWS\SYSTEM32\WS2_32.dll
[0605/103742:ERROR:process_reader_win.cc(232)] ReadMemory at 0x73910000 of 64 bytes failed: 仅完成部分的 ReadProcessMemory 或 WriteProcessMemory 请求。 (0x12B)
[0605/103742:WARNING:pe_image_reader.cc(280)] could not read dos header from C:\WINDOWS\SYSTEM32\bcrypt.dll
[0605/103742:ERROR:process_reader_win.cc(232)] ReadMemory at 0x73930000 of 64 bytes failed: 仅完成部分的 ReadProcessMemory 或 WriteProcessMemory 请求。 (0x12B)
[0605/103742:WARNING:pe_image_reader.cc(280)] could not read dos header from C:\WINDOWS\SYSTEM32\wkscli.dll
[0605/103742:ERROR:process_reader_win.cc(232)] ReadMemory at 0x73950000 of 64 bytes failed: 仅完成部分的 ReadProcessMemory 或 WriteProcessMemory 请求。 (0x12B)
[0605/103742:WARNING:pe_image_reader.cc(280)] could not read dos header from C:\WINDOWS\SYSTEM32\srvcli.dll
[0605/103742:ERROR:process_reader_win.cc(232)] ReadMemory at 0x73940000 of 64 bytes failed: 仅完成部分的 ReadProcessMemory 或 WriteProcessMemory 请求。 (0x12B)
[0605/103742:WARNING:pe_image_reader.cc(280)] could not read dos header from C:\WINDOWS\SYSTEM32\netutils.dll
[0605/103742:ERROR:process_reader_win.cc(232)] ReadMemory at 0x73970000 of 64 bytes failed: 仅完成部分的 ReadProcessMemory 或 WriteProcessMemory 请求。 (0x12B)
[0605/103742:WARNING:pe_image_reader.cc(280)] could not read dos header from C:\WINDOWS\SYSTEM32\NETAPI32.dll
[0605/103742:ERROR:process_reader_win.cc(232)] ReadMemory at 0x69d10000 of 64 bytes failed: 仅完成部分的 ReadProcessMemory 或 WriteProcessMemory 请求。 (0x12B)
[0605/103742:WARNING:pe_image_reader.cc(280)] could not read dos header from C:\Program Files (x86)\360\360SAFE\safemon\safemon.dll
[0605/103742:ERROR:process_reader_win.cc(232)] ReadMemory at 0x699d0000 of 64 bytes failed: 仅完成部分的 ReadProcessMemory 或 WriteProcessMemory 请求。 (0x12B)
[0605/103742:WARNING:pe_image_reader.cc(280)] could not read dos header from C:\Program Files (x86)\360\360SAFE\safemon\iNetSafe.dll
[0605/103742:ERROR:process_reader_win.cc(232)] ReadMemory at 0x72030000 of 64 bytes failed: 仅完成部分的 ReadProcessMemory 或 WriteProcessMemory 请求。 (0x12B)
[0605/103742:WARNING:pe_image_reader.cc(280)] could not read dos header from C:\WINDOWS\SYSTEM32\WINSPOOL.DRV
[0605/103742:ERROR:process_reader_win.cc(232)] ReadMemory at 0x72130000 of 64 bytes failed: 仅完成部分的 ReadProcessMemory 或 WriteProcessMemory 请求。 (0x12B)
[0605/103742:WARNING:pe_image_reader.cc(280)] could not read dos header from C:\WINDOWS\WinSxS\x86_microsoft.windows.common-controls_6595b64144ccf1df_6.0.10240.16384_none_3bccb1ff6bcd1849\COMCTL32.dll
[0605/103742:ERROR:process_reader_win.cc(232)] ReadMemory at 0x76080000 of 64 bytes failed: 仅完成部分的 ReadProcessMemory 或 WriteProcessMemory 请求。 (0x12B)
[0605/103742:WARNING:pe_image_reader.cc(280)] could not read dos header from C:\WINDOWS\SYSTEM32\COMDLG32.dll
[0605/103742:ERROR:process_reader_win.cc(232)] ReadMemory at 0x73290000 of 64 bytes failed: 仅完成部分的 ReadProcessMemory 或 WriteProcessMemory 请求。 (0x12B)
[0605/103742:WARNING:pe_image_reader.cc(280)] could not read dos header from C:\WINDOWS\SYSTEM32\WINNSI.DLL
[0605/103742:ERROR:process_reader_win.cc(232)] ReadMemory at 0x732a0000 of 64 bytes failed: 仅完成部分的 ReadProcessMemory 或 WriteProcessMemory 请求。 (0x12B)
[0605/103742:WARNING:pe_image_reader.cc(280)] could not read dos header from C:\WINDOWS\SYSTEM32\IPHLPAPI.DLL
[0605/103742:ERROR:process_reader_win.cc(232)] ReadMemory at 0x6c4a0000 of 64 bytes failed: 仅完成部分的 ReadProcessMemory 或 WriteProcessMemory 请求。 (0x12B)
[0605/103742:WARNING:pe_image_reader.cc(280)] could not read dos header from C:\WINDOWS\SYSTEM32\USP10.dll
[0605/103742:ERROR:process_reader_win.cc(232)] ReadMemory at 0x76b40000 of 64 bytes failed: 仅完成部分的 ReadProcessMemory 或 WriteProcessMemory 请求。 (0x12B)
[0605/103742:WARNING:pe_image_reader.cc(280)] could not read dos header from C:\WINDOWS\SYSTEM32\MSASN1.dll
[0605/103742:ERROR:process_reader_win.cc(232)] ReadMemory at 0x762a0000 of 64 bytes failed: 仅完成部分的 ReadProcessMemory 或 WriteProcessMemory 请求。 (0x12B)
[0605/103742:WARNING:pe_image_reader.cc(280)] could not read dos header from C:\WINDOWS\SYSTEM32\CRYPT32.dll
[0605/103742:ERROR:process_reader_win.cc(232)] ReadMemory at 0x766a0000 of 64 bytes failed: 仅完成部分的 ReadProcessMemory 或 WriteProcessMemory 请求。 (0x12B)
[0605/103742:WARNING:pe_image_reader.cc(280)] could not read dos header from C:\WINDOWS\SYSTEM32\WINTRUST.dll
[0605/103742:ERROR:process_reader_win.cc(232)] ReadMemory at 0x72ea0000 of 64 bytes failed: 仅完成部分的 ReadProcessMemory 或 WriteProcessMemory 请求。 (0x12B)
[0605/103742:WARNING:pe_image_reader.cc(280)] could not read dos header from C:\WINDOWS\SYSTEM32\Secur32.dll
[0605/103742:ERROR:process_reader_win.cc(232)] ReadMemory at 0x5fe00000 of 64 bytes failed: 仅完成部分的 ReadProcessMemory 或 WriteProcessMemory 请求。 (0x12B)
[0605/103742:WARNING:pe_image_reader.cc(280)] could not read dos header from C:\Program Files (x86)\Google\Chrome\Application\50.0.2661.102\chrome_child.dll
[0605/103742:ERROR:process_reader_win.cc(232)] ReadMemory at 0x6a680000 of 64 bytes failed: 仅完成部分的 ReadProcessMemory 或 WriteProcessMemory 请求。 (0x12B)
[0605/103742:WARNING:pe_image_reader.cc(280)] could not read dos header from C:\Program Files (x86)\360\360SAFE\360verify.dll
[0605/103742:ERROR:process_reader_win.cc(232)] ReadMemory at 0x71860000 of 64 bytes failed: 仅完成部分的 ReadProcessMemory 或 WriteProcessMemory 请求。 (0x12B)
[0605/103742:WARNING:pe_image_reader.cc(280)] could not read dos header from C:\WINDOWS\SYSTEM32\dwrite.dll
[0605/103742:ERROR:process_reader_win.cc(98)] process 4980 not found
[0605/103742:ERROR:process_reader_win.cc(232)] ReadMemory at 0x3ed1b4 of 12 bytes failed: 仅完成部分的 ReadProcessMemory 或 WriteProcessMemory 请求。 (0x12B)
[0605/103742:WARNING:process_snapshot_win.cc(96)] ReadMemory ExceptionInformation failed
[0605/103742:WARNING:crash_report_exception_handler.cc(60)] ProcessSnapshotWin::InitializeException failed
[0605/103742:ERROR:scoped_process_suspend.cc(38)] NtResumeProcess, ntstatus=-1073741558
[0605/113704:ERROR:process_info.cc(608)] range at 0xff57f000, size 0x230 fully unreadable
[0605/113704:ERROR:process_info.cc(608)] range at 0xff57e000, size 0xf84 fully unreadable
[0605/115922:ERROR:process_info.cc(608)] range at 0xfef8f000, size 0x230 fully unreadable
[0605/115922:ERROR:process_info.cc(608)] range at 0xfef8e000, size 0xf84 fully unreadable
[0605/130517:ERROR:process_info.cc(608)] range at 0xff68f000, size 0x230 fully unreadable
[0605/130517:ERROR:process_info.cc(608)] range at 0xff68e000, size 0xf84 fully unreadable
[0605/132320:ERROR:process_info.cc(608)] range at 0xff07b000, size 0x230 fully unreadable
[0605/132320:ERROR:process_info.cc(608)] range at 0xff07f000, size 0xf84 fully unreadable
[0605/155903:ERROR:process_info.cc(608)] range at 0xfeefc000, size 0x230 fully unreadable
[0605/155903:ERROR:process_info.cc(608)] range at 0xfeefb000, size 0xf84 fully unreadable
[0605/161414:ERROR:process_info.cc(608)] range at 0xff4f6000, size 0x230 fully unreadable
[0605/161414:ERROR:process_reader_win.cc(141)] SuspendThread: 拒绝访问。 (0x5)
[0605/161414:ERROR:process_reader_win.cc(141)] SuspendThread: 拒绝访问。 (0x5)
[0605/161414:ERROR:process_info.cc(608)] range at 0xff4ff000, size 0xf84 fully unreadable
[0605/165101:ERROR:process_info.cc(608)] range at 0xfe75c000, size 0x230 fully unreadable
[0605/165101:ERROR:process_info.cc(608)] range at 0xfe75b000, size 0xf84 fully unreadable
[0605/171200:ERROR:process_info.cc(608)] range at 0xfe257000, size 0x230 fully unreadable
[0605/171200:ERROR:process_info.cc(608)] range at 0xfe25c000, size 0xf84 fully unreadable
[0605/173918:ERROR:process_info.cc(608)] range at 0xff046000, size 0x230 fully unreadable
[0605/173918:ERROR:process_info.cc(608)] range at 0xff04d000, size 0xf84 fully unreadable
[0605/191735:ERROR:process_info.cc(608)] range at 0xff24d000, size 0x230 fully unreadable
[0605/191735:ERROR:process_info.cc(608)] range at 0xff24c000, size 0xf84 fully unreadable
[0605/191735:ERROR:process_reader_win.cc(232)] ReadMemory at 0x108a000 of 24576 bytes failed: 仅完成部分的 ReadProcessMemory 或 WriteProcessMemory 请求。 (0x12B)
[0605/191735:ERROR:crash_report_exception_handler.cc(102)] WriteEverything failed
[0605/191735:ERROR:scoped_process_suspend.cc(38)] NtResumeProcess, ntstatus=-1073741558
[0605/193623:ERROR:process_info.cc(608)] range at 0xff3ad000, size 0x230 fully unreadable
[0605/193623:ERROR:process_reader_win.cc(232)] ReadMemory at 0x6cf80000 of 64 bytes failed: 仅完成部分的 ReadProcessMemory 或 WriteProcessMemory 请求。 (0x12B)
[0605/193623:WARNING:pe_image_reader.cc(280)] could not read dos header from C:\WINDOWS\system32\apphelp.dll
[0605/193623:ERROR:process_reader_win.cc(232)] ReadMemory at 0x6bda0000 of 64 bytes failed: 仅完成部分的 ReadProcessMemory 或 WriteProcessMemory 请求。 (0x12B)
[0605/193623:WARNING:pe_image_reader.cc(280)] could not read dos header from C:\Program Files (x86)\Google\Chrome\Application\50.0.2661.102\chrome_elf.dll
[0605/193623:ERROR:process_reader_win.cc(232)] ReadMemory at 0x73cd0000 of 64 bytes failed: 仅完成部分的 ReadProcessMemory 或 WriteProcessMemory 请求。 (0x12B)
[0605/193623:WARNING:pe_image_reader.cc(280)] could not read dos header from C:\WINDOWS\SYSTEM32\VERSION.dll
[0605/193623:ERROR:process_reader_win.cc(232)] ReadMemory at 0x73610000 of 64 bytes failed: 仅完成部分的 ReadProcessMemory 或 WriteProcessMemory 请求。 (0x12B)
[0605/193623:WARNING:pe_image_reader.cc(280)] could not read dos header from C:\WINDOWS\SYSTEM32\DEVOBJ.dll
[0605/193623:ERROR:process_reader_win.cc(232)] ReadMemory at 0x73a90000 of 64 bytes failed: 仅完成部分的 ReadProcessMemory 或 WriteProcessMemory 请求。 (0x12B)
[0605/193623:WARNING:pe_image_reader.cc(280)] could not read dos header from C:\WINDOWS\SYSTEM32\WINMMBASE.dll
[0605/193623:ERROR:process_reader_win.cc(232)] ReadMemory at 0x743d0000 of 64 bytes failed: 仅完成部分的 ReadProcessMemory 或 WriteProcessMemory 请求。 (0x12B)
[0605/193623:WARNING:pe_image_reader.cc(280)] could not read dos header from C:\WINDOWS\SYSTEM32\MSCTF.dll
[0605/193623:ERROR:process_reader_win.cc(232)] ReadMemory at 0x743a0000 of 64 bytes failed: 仅完成部分的 ReadProcessMemory 或 WriteProcessMemory 请求。 (0x12B)
[0605/193623:WARNING:pe_image_reader.cc(280)] could not read dos header from C:\WINDOWS\SYSTEM32\IMM32.DLL
[0605/193623:ERROR:process_reader_win.cc(232)] ReadMemory at 0x73d20000 of 64 bytes failed: 仅完成部分的 ReadProcessMemory 或 WriteProcessMemory 请求。 (0x12B)
[0605/193623:WARNING:pe_image_reader.cc(280)] could not read dos header from C:\WINDOWS\SYSTEM32\WINMM.dll
[0605/193623:ERROR:process_reader_win.cc(232)] ReadMemory at 0x76010000 of 64 bytes failed: 仅完成部分的 ReadProcessMemory 或 WriteProcessMemory 请求。 (0x12B)
[0605/193623:WARNING:pe_image_reader.cc(280)] could not read dos header from C:\WINDOWS\SYSTEM32\profapi.dll
[0605/193623:ERROR:process_reader_win.cc(232)] ReadMemory at 0x74040000 of 64 bytes failed: 仅完成部分的 ReadProcessMemory 或 WriteProcessMemory 请求。 (0x12B)
[0605/193623:WARNING:pe_image_reader.cc(280)] could not read dos header from C:\WINDOWS\SYSTEM32\USERENV.dll
[0605/193623:ERROR:process_reader_win.cc(232)] ReadMemory at 0x73a80000 of 64 bytes failed: 仅完成部分的 ReadProcessMemory 或 WriteProcessMemory 请求。 (0x12B)
[0605/193623:WARNING:pe_image_reader.cc(280)] could not read dos header from C:\WINDOWS\SYSTEM32\WTSAPI32.dll
[0605/193623:ERROR:process_reader_win.cc(232)] ReadMemory at 0x73190000 of 64 bytes failed: 仅完成部分的 ReadProcessMemory 或 WriteProcessMemory 请求。 (0x12B)
[0605/193623:WARNING:pe_image_reader.cc(280)] could not read dos header from C:\WINDOWS\SYSTEM32\WINHTTP.dll
[0605/193623:ERROR:process_reader_win.cc(232)] ReadMemory at 0x76ee0000 of 64 bytes failed: 仅完成部分的 ReadProcessMemory 或 WriteProcessMemory 请求。 (0x12B)
[0605/193623:WARNING:pe_image_reader.cc(280)] could not read dos header from C:\WINDOWS\SYSTEM32\combase.dll
[0605/193623:ERROR:process_reader_win.cc(232)] ReadMemory at 0x76650000 of 64 bytes failed: 仅完成部分的 ReadProcessMemory 或 WriteProcessMemory 请求。 (0x12B)
[0605/193623:WARNING:pe_image_reader.cc(280)] could not read dos header from C:\WINDOWS\SYSTEM32\shlwapi.dll
[0605/193623:ERROR:process_reader_win.cc(232)] ReadMemory at 0x745a0000 of 64 bytes failed: 仅完成部分的 ReadProcessMemory 或 WriteProcessMemory 请求。 (0x12B)
[0605/193623:WARNING:pe_image_reader.cc(280)] could not read dos header from C:\WINDOWS\SYSTEM32\kernel.appcore.dll
[0605/193623:ERROR:process_reader_win.cc(232)] ReadMemory at 0x76b50000 of 64 bytes failed: 仅完成部分的 ReadProcessMemory 或 WriteProcessMemory 请求。 (0x12B)
[0605/193623:WARNING:pe_image_reader.cc(280)] could not read dos header from C:\WINDOWS\SYSTEM32\shcore.dll
[0605/193623:ERROR:process_reader_win.cc(232)] ReadMemory at 0x74550000 of 64 bytes failed: 仅完成部分的 ReadProcessMemory 或 WriteProcessMemory 请求。 (0x12B)
[0605/193623:WARNING:pe_image_reader.cc(280)] could not read dos header from C:\WINDOWS\SYSTEM32\powrprof.dll
[0605/193623:ERROR:process_reader_win.cc(232)] ReadMemory at 0x75a20000 of 64 bytes failed: 仅完成部分的 ReadProcessMemory 或 WriteProcessMemory 请求。 (0x12B)
[0605/193623:WARNING:pe_image_reader.cc(280)] could not read dos header from C:\WINDOWS\SYSTEM32\windows.storage.dll
[0605/193623:ERROR:process_reader_win.cc(232)] ReadMemory at 0x745b0000 of 64 bytes failed: 仅完成部分的 ReadProcessMemory 或 WriteProcessMemory 请求。 (0x12B)
[0605/193623:WARNING:pe_image_reader.cc(280)] could not read dos header from C:\WINDOWS\SYSTEM32\SHELL32.dll
[0605/193623:ERROR:process_reader_win.cc(232)] ReadMemory at 0x76420000 of 64 bytes failed: 仅完成部分的 ReadProcessMemory 或 WriteProcessMemory 请求。 (0x12B)
[0605/193623:WARNING:pe_image_reader.cc(280)] could not read dos header from C:\WINDOWS\SYSTEM32\OLEAUT32.dll
[0605/193623:ERROR:process_reader_win.cc(232)] ReadMemory at 0x74230000 of 64 bytes failed: 仅完成部分的 ReadProcessMemory 或 WriteProcessMemory 请求。 (0x12B)
[0605/193623:WARNING:pe_image_reader.cc(280)] could not read dos header from C:\WINDOWS\SYSTEM32\ole32.dll
[0605/193623:ERROR:process_reader_win.cc(232)] ReadMemory at 0x75a10000 of 64 bytes failed: 仅完成部分的 ReadProcessMemory 或 WriteProcessMemory 请求。 (0x12B)
[0605/193623:WARNING:pe_image_reader.cc(280)] could not read dos header from C:\WINDOWS\SYSTEM32\PSAPI.DLL
[0605/193623:ERROR:process_reader_win.cc(232)] ReadMemory at 0x76b20000 of 64 bytes failed: 仅完成部分的 ReadProcessMemory 或 WriteProcessMemory 请求。 (0x12B)
[0605/193623:WARNING:pe_image_reader.cc(280)] could not read dos header from C:\WINDOWS\SYSTEM32\NSI.dll
[0605/193623:ERROR:process_reader_win.cc(232)] ReadMemory at 0x76020000 of 64 bytes failed: 仅完成部分的 ReadProcessMemory 或 WriteProcessMemory 请求。 (0x12B)
[0605/193623:WARNING:pe_image_reader.cc(280)] could not read dos header from C:\WINDOWS\SYSTEM32\WS2_32.dll
[0605/193623:ERROR:process_reader_win.cc(232)] ReadMemory at 0x73910000 of 64 bytes failed: 仅完成部分的 ReadProcessMemory 或 WriteProcessMemory 请求。 (0x12B)
[0605/193623:WARNING:pe_image_reader.cc(280)] could not read dos header from C:\WINDOWS\SYSTEM32\bcrypt.dll
[0605/193623:ERROR:process_reader_win.cc(232)] ReadMemory at 0x73930000 of 64 bytes failed: 仅完成部分的 ReadProcessMemory 或 WriteProcessMemory 请求。 (0x12B)
[0605/193623:WARNING:pe_image_reader.cc(280)] could not read dos header from C:\WINDOWS\SYSTEM32\wkscli.dll
[0605/193623:ERROR:process_reader_win.cc(232)] ReadMemory at 0x73950000 of 64 bytes failed: 仅完成部分的 ReadProcessMemory 或 WriteProcessMemory 请求。 (0x12B)
[0605/193623:WARNING:pe_image_reader.cc(280)] could not read dos header from C:\WINDOWS\SYSTEM32\srvcli.dll
[0605/193623:ERROR:process_reader_win.cc(232)] ReadMemory at 0x73940000 of 64 bytes failed: 仅完成部分的 ReadProcessMemory 或 WriteProcessMemory 请求。 (0x12B)
[0605/193623:WARNING:pe_image_reader.cc(280)] could not read dos header from C:\WINDOWS\SYSTEM32\netutils.dll
[0605/193623:ERROR:process_reader_win.cc(232)] ReadMemory at 0x73970000 of 64 bytes failed: 仅完成部分的 ReadProcessMemory 或 WriteProcessMemory 请求。 (0x12B)
[0605/193623:WARNING:pe_image_reader.cc(280)] could not read dos header from C:\WINDOWS\SYSTEM32\NETAPI32.dll
[0605/193623:ERROR:process_reader_win.cc(232)] ReadMemory at 0x69d10000 of 64 bytes failed: 仅完成部分的 ReadProcessMemory 或 WriteProcessMemory 请求。 (0x12B)
[0605/193623:WARNING:pe_image_reader.cc(280)] could not read dos header from C:\Program Files (x86)\360\360SAFE\safemon\safemon.dll
[0605/193623:ERROR:process_reader_win.cc(232)] ReadMemory at 0x699d0000 of 64 bytes failed: 仅完成部分的 ReadProcessMemory 或 WriteProcessMemory 请求。 (0x12B)
[0605/193623:WARNING:pe_image_reader.cc(280)] could not read dos header from C:\Program Files (x86)\360\360SAFE\safemon\iNetSafe.dll
[0605/193623:ERROR:process_reader_win.cc(232)] ReadMemory at 0x72030000 of 64 bytes failed: 仅完成部分的 ReadProcessMemory 或 WriteProcessMemory 请求。 (0x12B)
[0605/193623:WARNING:pe_image_reader.cc(280)] could not read dos header from C:\WINDOWS\SYSTEM32\WINSPOOL.DRV
[0605/193623:ERROR:process_reader_win.cc(232)] ReadMemory at 0x72130000 of 64 bytes failed: 仅完成部分的 ReadProcessMemory 或 WriteProcessMemory 请求。 (0x12B)
[0605/193623:WARNING:pe_image_reader.cc(280)] could not read dos header from C:\WINDOWS\WinSxS\x86_microsoft.windows.common-controls_6595b64144ccf1df_6.0.10240.16384_none_3bccb1ff6bcd1849\COMCTL32.dll
[0605/193623:ERROR:process_reader_win.cc(232)] ReadMemory at 0x76080000 of 64 bytes failed: 仅完成部分的 ReadProcessMemory 或 WriteProcessMemory 请求。 (0x12B)
[0605/193623:WARNING:pe_image_reader.cc(280)] could not read dos header from C:\WINDOWS\SYSTEM32\COMDLG32.dll
[0605/193623:ERROR:process_reader_win.cc(232)] ReadMemory at 0x73290000 of 64 bytes failed: 仅完成部分的 ReadProcessMemory 或 WriteProcessMemory 请求。 (0x12B)
[0605/193623:WARNING:pe_image_reader.cc(280)] could not read dos header from C:\WINDOWS\SYSTEM32\WINNSI.DLL
[0605/193623:ERROR:process_reader_win.cc(232)] ReadMemory at 0x732a0000 of 64 bytes failed: 仅完成部分的 ReadProcessMemory 或 WriteProcessMemory 请求。 (0x12B)
[0605/193623:WARNING:pe_image_reader.cc(280)] could not read dos header from C:\WINDOWS\SYSTEM32\IPHLPAPI.DLL
[0605/193623:ERROR:process_reader_win.cc(232)] ReadMemory at 0x6c4a0000 of 64 bytes failed: 仅完成部分的 ReadProcessMemory 或 WriteProcessMemory 请求。 (0x12B)
[0605/193623:WARNING:pe_image_reader.cc(280)] could not read dos header from C:\WINDOWS\SYSTEM32\USP10.dll
[0605/193623:ERROR:process_reader_win.cc(232)] ReadMemory at 0x76b40000 of 64 bytes failed: 仅完成部分的 ReadProcessMemory 或 WriteProcessMemory 请求。 (0x12B)
[0605/193623:WARNING:pe_image_reader.cc(280)] could not read dos header from C:\WINDOWS\SYSTEM32\MSASN1.dll
[0605/193623:ERROR:process_reader_win.cc(232)] ReadMemory at 0x762a0000 of 64 bytes failed: 仅完成部分的 ReadProcessMemory 或 WriteProcessMemory 请求。 (0x12B)
[0605/193623:WARNING:pe_image_reader.cc(280)] could not read dos header from C:\WINDOWS\SYSTEM32\CRYPT32.dll
[0605/193623:ERROR:process_reader_win.cc(232)] ReadMemory at 0x766a0000 of 64 bytes failed: 仅完成部分的 ReadProcessMemory 或 WriteProcessMemory 请求。 (0x12B)
[0605/193623:WARNING:pe_image_reader.cc(280)] could not read dos header from C:\WINDOWS\SYSTEM32\WINTRUST.dll
[0605/193623:ERROR:process_reader_win.cc(232)] ReadMemory at 0x72ea0000 of 64 bytes failed: 仅完成部分的 ReadProcessMemory 或 WriteProcessMemory 请求。 (0x12B)
[0605/193623:WARNING:pe_image_reader.cc(280)] could not read dos header from C:\WINDOWS\SYSTEM32\Secur32.dll
[0605/193623:ERROR:process_reader_win.cc(232)] ReadMemory at 0x5fe00000 of 64 bytes failed: 仅完成部分的 ReadProcessMemory 或 WriteProcessMemory 请求。 (0x12B)
[0605/193623:WARNING:pe_image_reader.cc(280)] could not read dos header from C:\Program Files (x86)\Google\Chrome\Application\50.0.2661.102\chrome_child.dll
[0605/193623:ERROR:process_reader_win.cc(232)] ReadMemory at 0x6a680000 of 64 bytes failed: 仅完成部分的 ReadProcessMemory 或 WriteProcessMemory 请求。 (0x12B)
[0605/193623:WARNING:pe_image_reader.cc(280)] could not read dos header from C:\Program Files (x86)\360\360SAFE\360verify.dll
[0605/193623:ERROR:process_reader_win.cc(232)] ReadMemory at 0x71860000 of 64 bytes failed: 仅完成部分的 ReadProcessMemory 或 WriteProcessMemory 请求。 (0x12B)
[0605/193623:WARNING:pe_image_reader.cc(280)] could not read dos header from C:\WINDOWS\SYSTEM32\dwrite.dll
[0605/193623:ERROR:process_reader_win.cc(232)] ReadMemory at 0x771a8b80 of 5888 bytes failed: 仅完成部分的 ReadProcessMemory 或 WriteProcessMemory 请求。 (0x12B)
[0605/193623:ERROR:process_reader_win.cc(232)] ReadMemory at 0x340000 of 64 bytes failed: 仅完成部分的 ReadProcessMemory 或 WriteProcessMemory 请求。 (0x12B)
[0605/193623:WARNING:pe_image_reader.cc(280)] could not read dos header from C:\Program Files (x86)\Google\Chrome\Application\chrome.exe
[0605/193623:ERROR:process_reader_win.cc(232)] ReadMemory at 0x770a0000 of 64 bytes failed: 仅完成部分的 ReadProcessMemory 或 WriteProcessMemory 请求。 (0x12B)
[0605/193623:WARNING:pe_image_reader.cc(280)] could not read dos header from C:\WINDOWS\SYSTEM32\ntdll.dll
[0605/193623:ERROR:process_reader_win.cc(232)] ReadMemory at 0x76830000 of 64 bytes failed: 仅完成部分的 ReadProcessMemory 或 WriteProcessMemory 请求。 (0x12B)
[0605/193623:WARNING:pe_image_reader.cc(280)] could not read dos header from C:\WINDOWS\SYSTEM32\KERNELBASE.dll
[0605/193623:ERROR:process_reader_win.cc(232)] ReadMemory at 0x75f00000 of 64 bytes failed: 仅完成部分的 ReadProcessMemory 或 WriteProcessMemory 请求。 (0x12B)
[0605/193623:WARNING:pe_image_reader.cc(280)] could not read dos header from C:\WINDOWS\SYSTEM32\KERNEL32.DLL
[0605/193623:ERROR:process_reader_win.cc(232)] ReadMemory at 0x6cf80000 of 64 bytes failed: 仅完成部分的 ReadProcessMemory 或 WriteProcessMemory 请求。 (0x12B)
[0605/193623:WARNING:pe_image_reader.cc(280)] could not read dos header from C:\WINDOWS\system32\apphelp.dll
[0605/193623:ERROR:process_reader_win.cc(232)] ReadMemory at 0x76be0000 of 64 bytes failed: 仅完成部分的 ReadProcessMemory 或 WriteProcessMemory 请求。 (0x12B)
[0605/193623:WARNING:pe_image_reader.cc(280)] could not read dos header from C:\WINDOWS\SYSTEM32\msvcrt.dll
[0605/193623:ERROR:process_reader_win.cc(232)] ReadMemory at 0x74100000 of 64 bytes failed: 仅完成部分的 ReadProcessMemory 或 WriteProcessMemory 请求。 (0x12B)
[0605/193623:WARNING:pe_image_reader.cc(280)] could not read dos header from C:\WINDOWS\SYSTEM32\bcryptPrimitives.dll
[0605/193623:ERROR:process_reader_win.cc(232)] ReadMemory at 0x74160000 of 64 bytes failed: 仅完成部分的 ReadProcessMemory 或 WriteProcessMemory 请求。 (0x12B)
[0605/193623:WARNING:pe_image_reader.cc(280)] could not read dos header from C:\WINDOWS\SYSTEM32\CRYPTBASE.dll
[0605/193623:ERROR:process_reader_win.cc(232)] ReadMemory at 0x74170000 of 64 bytes failed: 仅完成部分的 ReadProcessMemory 或 WriteProcessMemory 请求。 (0x12B)
[0605/193623:WARNING:pe_image_reader.cc(280)] could not read dos header from C:\WINDOWS\SYSTEM32\SspiCli.dll
[0605/193623:ERROR:process_reader_win.cc(232)] ReadMemory at 0x76140000 of 64 bytes failed: 仅完成部分的 ReadProcessMemory 或 WriteProcessMemory 请求。 (0x12B)
[0605/193623:WARNING:pe_image_reader.cc(280)] could not read dos header from C:\WINDOWS\SYSTEM32\RPCRT4.dll
[0605/193623:ERROR:process_reader_win.cc(232)] ReadMemory at 0x76250000 of 64 bytes failed: 仅完成部分的 ReadProcessMemory 或 WriteProcessMemory 请求。 (0x12B)
[0605/193623:WARNING:pe_image_reader.cc(280)] could not read dos header from C:\WINDOWS\SYSTEM32\sechost.dll
[0605/193623:ERROR:process_reader_win.cc(232)] ReadMemory at 0x74320000 of 64 bytes failed: 仅完成部分的 ReadProcessMemory 或 WriteProcessMemory 请求。 (0x12B)
[0605/193623:WARNING:pe_image_reader.cc(280)] could not read dos header from C:\WINDOWS\SYSTEM32\ADVAPI32.dll
[0605/193623:ERROR:process_reader_win.cc(232)] ReadMemory at 0x6bda0000 of 64 bytes failed: 仅完成部分的 ReadProcessMemory 或 WriteProcessMemory 请求。 (0x12B)
[0605/193623:WARNING:pe_image_reader.cc(280)] could not read dos header from C:\Program Files (x86)\Google\Chrome\Application\50.0.2661.102\chrome_elf.dll
[0605/193623:ERROR:process_reader_win.cc(232)] ReadMemory at 0x73cd0000 of 64 bytes failed: 仅完成部分的 ReadProcessMemory 或 WriteProcessMemory 请求。 (0x12B)
[0605/193623:WARNING:pe_image_reader.cc(280)] could not read dos header from C:\WINDOWS\SYSTEM32\VERSION.dll
[0605/193623:ERROR:process_reader_win.cc(232)] ReadMemory at 0x764c0000 of 64 bytes failed: 仅完成部分的 ReadProcessMemory 或 WriteProcessMemory 请求。 (0x12B)
[0605/193623:WARNING:pe_image_reader.cc(280)] could not read dos header from C:\WINDOWS\SYSTEM32\cfgmgr32.dll
[0605/193623:ERROR:process_reader_win.cc(232)] ReadMemory at 0x73610000 of 64 bytes failed: 仅完成部分的 ReadProcessMemory 或 WriteProcessMemory 请求。 (0x12B)
[0605/193623:WARNING:pe_image_reader.cc(280)] could not read dos header from C:\WINDOWS\SYSTEM32\DEVOBJ.dll
[0605/193623:ERROR:process_reader_win.cc(232)] ReadMemory at 0x73a90000 of 64 bytes failed: 仅完成部分的 ReadProcessMemory 或 WriteProcessMemory 请求。 (0x12B)
[0605/193623:WARNING:pe_image_reader.cc(280)] could not read dos header from C:\WINDOWS\SYSTEM32\WINMMBASE.dll
[0605/193623:ERROR:process_reader_win.cc(232)] ReadMemory at 0x76500000 of 64 bytes failed: 仅完成部分的 ReadProcessMemory 或 WriteProcessMemory 请求。 (0x12B)
[0605/193623:WARNING:pe_image_reader.cc(280)] could not read dos header from C:\WINDOWS\SYSTEM32\GDI32.dll
[0605/193623:ERROR:process_reader_win.cc(232)] ReadMemory at 0x766f0000 of 64 bytes failed: 仅完成部分的 ReadProcessMemory 或 WriteProcessMemory 请求。 (0x12B)
[0605/193623:WARNING:pe_image_reader.cc(280)] could not read dos header from C:\WINDOWS\SYSTEM32\USER32.dll
[0605/193623:ERROR:process_reader_win.cc(232)] ReadMemory at 0x743d0000 of 64 bytes failed: 仅完成部分的 ReadProcessMemory 或 WriteProcessMemory 请求。 (0x12B)
[0605/193623:WARNING:pe_image_reader.cc(280)] could not read dos header from C:\WINDOWS\SYSTEM32\MSCTF.dll
[0605/193623:ERROR:process_reader_win.cc(232)] ReadMemory at 0x743a0000 of 64 bytes failed: 仅完成部分的 ReadProcessMemory 或 WriteProcessMemory 请求。 (0x12B)
[0605/193623:WARNING:pe_image_reader.cc(280)] could not read dos header from C:\WINDOWS\SYSTEM32\IMM32.DLL
[0605/193623:ERROR:process_reader_win.cc(232)] ReadMemory at 0x73d20000 of 64 bytes failed: 仅完成部分的 ReadProcessMemory 或 WriteProcessMemory 请求。 (0x12B)
[0605/193623:WARNING:pe_image_reader.cc(280)] could not read dos header from C:\WINDOWS\SYSTEM32\WINMM.dll
[0605/193623:ERROR:process_reader_win.cc(232)] ReadMemory at 0x76010000 of 64 bytes failed: 仅完成部分的 ReadProcessMemory 或 WriteProcessMemory 请求。 (0x12B)
[0605/193623:WARNING:pe_image_reader.cc(280)] could not read dos header from C:\WINDOWS\SYSTEM32\profapi.dll
[0605/193623:ERROR:process_reader_win.cc(232)] ReadMemory at 0x74040000 of 64 bytes failed: 仅完成部分的 ReadProcessMemory 或 WriteProcessMemory 请求。 (0x12B)
[0605/193623:WARNING:pe_image_reader.cc(280)] could not read dos header from C:\WINDOWS\SYSTEM32\USERENV.dll
[0605/193623:ERROR:process_reader_win.cc(232)] ReadMemory at 0x73a80000 of 64 bytes failed: 仅完成部分的 ReadProcessMemory 或 WriteProcessMemory 请求。 (0x12B)
[0605/193623:WARNING:pe_image_reader.cc(280)] could not read dos header from C:\WINDOWS\SYSTEM32\WTSAPI32.dll
[0605/193623:ERROR:process_reader_win.cc(232)] ReadMemory at 0x73190000 of 64 bytes failed: 仅完成部分的 ReadProcessMemory 或 WriteProcessMemory 请求。 (0x12B)
[0605/193623:WARNING:pe_image_reader.cc(280)] could not read dos header from C:\WINDOWS\SYSTEM32\WINHTTP.dll
[0605/193623:ERROR:process_reader_win.cc(232)] ReadMemory at 0x76ee0000 of 64 bytes failed: 仅完成部分的 ReadProcessMemory 或 WriteProcessMemory 请求。 (0x12B)
[0605/193623:WARNING:pe_image_reader.cc(280)] could not read dos header from C:\WINDOWS\SYSTEM32\combase.dll
[0605/193623:ERROR:process_reader_win.cc(232)] ReadMemory at 0x76650000 of 64 bytes failed: 仅完成部分的 ReadProcessMemory 或 WriteProcessMemory 请求。 (0x12B)
[0605/193623:WARNING:pe_image_reader.cc(280)] could not read dos header from C:\WINDOWS\SYSTEM32\shlwapi.dll
[0605/193623:ERROR:process_reader_win.cc(232)] ReadMemory at 0x745a0000 of 64 bytes failed: 仅完成部分的 ReadProcessMemory 或 WriteProcessMemory 请求。 (0x12B)
[0605/193623:WARNING:pe_image_reader.cc(280)] could not read dos header from C:\WINDOWS\SYSTEM32\kernel.appcore.dll
[0605/193623:ERROR:process_reader_win.cc(232)] ReadMemory at 0x76b50000 of 64 bytes failed: 仅完成部分的 ReadProcessMemory 或 WriteProcessMemory 请求。 (0x12B)
[0605/193623:WARNING:pe_image_reader.cc(280)] could not read dos header from C:\WINDOWS\SYSTEM32\shcore.dll
[0605/193623:ERROR:process_reader_win.cc(232)] ReadMemory at 0x74550000 of 64 bytes failed: 仅完成部分的 ReadProcessMemory 或 WriteProcessMemory 请求。 (0x12B)
[0605/193623:WARNING:pe_image_reader.cc(280)] could not read dos header from C:\WINDOWS\SYSTEM32\powrprof.dll
[0605/193623:ERROR:process_reader_win.cc(232)] ReadMemory at 0x75a20000 of 64 bytes failed: 仅完成部分的 ReadProcessMemory 或 WriteProcessMemory 请求。 (0x12B)
[0605/193623:WARNING:pe_image_reader.cc(280)] could not read dos header from C:\WINDOWS\SYSTEM32\windows.storage.dll
[0605/193623:ERROR:process_reader_win.cc(232)] ReadMemory at 0x745b0000 of 64 bytes failed: 仅完成部分的 ReadProcessMemory 或 WriteProcessMemory 请求。 (0x12B)
[0605/193623:WARNING:pe_image_reader.cc(280)] could not read dos header from C:\WINDOWS\SYSTEM32\SHELL32.dll
[0605/193623:ERROR:process_reader_win.cc(232)] ReadMemory at 0x76420000 of 64 bytes failed: 仅完成部分的 ReadProcessMemory 或 WriteProcessMemory 请求。 (0x12B)
[0605/193623:WARNING:pe_image_reader.cc(280)] could not read dos header from C:\WINDOWS\SYSTEM32\OLEAUT32.dll
[0605/193623:ERROR:process_reader_win.cc(232)] ReadMemory at 0x74230000 of 64 bytes failed: 仅完成部分的 ReadProcessMemory 或 WriteProcessMemory 请求。 (0x12B)
[0605/193623:WARNING:pe_image_reader.cc(280)] could not read dos header from C:\WINDOWS\SYSTEM32\ole32.dll
[0605/193623:ERROR:process_reader_win.cc(232)] ReadMemory at 0x75a10000 of 64 bytes failed: 仅完成部分的 ReadProcessMemory 或 WriteProcessMemory 请求。 (0x12B)
[0605/193623:WARNING:pe_image_reader.cc(280)] could not read dos header from C:\WINDOWS\SYSTEM32\PSAPI.DLL
[0605/193623:ERROR:process_reader_win.cc(232)] ReadMemory at 0x76b20000 of 64 bytes failed: 仅完成部分的 ReadProcessMemory 或 WriteProcessMemory 请求。 (0x12B)
[0605/193623:WARNING:pe_image_reader.cc(280)] could not read dos header from C:\WINDOWS\SYSTEM32\NSI.dll
[0605/193623:ERROR:process_reader_win.cc(232)] ReadMemory at 0x76020000 of 64 bytes failed: 仅完成部分的 ReadProcessMemory 或 WriteProcessMemory 请求。 (0x12B)
[0605/193623:WARNING:pe_image_reader.cc(280)] could not read dos header from C:\WINDOWS\SYSTEM32\WS2_32.dll
[0605/193623:ERROR:process_reader_win.cc(232)] ReadMemory at 0x73910000 of 64 bytes failed: 仅完成部分的 ReadProcessMemory 或 WriteProcessMemory 请求。 (0x12B)
[0605/193623:WARNING:pe_image_reader.cc(280)] could not read dos header from C:\WINDOWS\SYSTEM32\bcrypt.dll
[0605/193623:ERROR:process_reader_win.cc(232)] ReadMemory at 0x73930000 of 64 bytes failed: 仅完成部分的 ReadProcessMemory 或 WriteProcessMemory 请求。 (0x12B)
[0605/193623:WARNING:pe_image_reader.cc(280)] could not read dos header from C:\WINDOWS\SYSTEM32\wkscli.dll
[0605/193623:ERROR:process_reader_win.cc(232)] ReadMemory at 0x73950000 of 64 bytes failed: 仅完成部分的 ReadProcessMemory 或 WriteProcessMemory 请求。 (0x12B)
[0605/193623:WARNING:pe_image_reader.cc(280)] could not read dos header from C:\WINDOWS\SYSTEM32\srvcli.dll
[0605/193623:ERROR:process_reader_win.cc(232)] ReadMemory at 0x73940000 of 64 bytes failed: 仅完成部分的 ReadProcessMemory 或 WriteProcessMemory 请求。 (0x12B)
[0605/193623:WARNING:pe_image_reader.cc(280)] could not read dos header from C:\WINDOWS\SYSTEM32\netutils.dll
[0605/193623:ERROR:process_reader_win.cc(232)] ReadMemory at 0x73970000 of 64 bytes failed: 仅完成部分的 ReadProcessMemory 或 WriteProcessMemory 请求。 (0x12B)
[0605/193623:WARNING:pe_image_reader.cc(280)] could not read dos header from C:\WINDOWS\SYSTEM32\NETAPI32.dll
[0605/193623:ERROR:process_reader_win.cc(232)] ReadMemory at 0x69d10000 of 64 bytes failed: 仅完成部分的 ReadProcessMemory 或 WriteProcessMemory 请求。 (0x12B)
[0605/193623:WARNING:pe_image_reader.cc(280)] could not read dos header from C:\Program Files (x86)\360\360SAFE\safemon\safemon.dll
[0605/193623:ERROR:process_reader_win.cc(232)] ReadMemory at 0x699d0000 of 64 bytes failed: 仅完成部分的 ReadProcessMemory 或 WriteProcessMemory 请求。 (0x12B)
[0605/193623:WARNING:pe_image_reader.cc(280)] could not read dos header from C:\Program Files (x86)\360\360SAFE\safemon\iNetSafe.dll
[0605/193623:ERROR:process_reader_win.cc(232)] ReadMemory at 0x72030000 of 64 bytes failed: 仅完成部分的 ReadProcessMemory 或 WriteProcessMemory 请求。 (0x12B)
[0605/193623:WARNING:pe_image_reader.cc(280)] could not read dos header from C:\WINDOWS\SYSTEM32\WINSPOOL.DRV
[0605/193623:ERROR:process_reader_win.cc(232)] ReadMemory at 0x72130000 of 64 bytes failed: 仅完成部分的 ReadProcessMemory 或 WriteProcessMemory 请求。 (0x12B)
[0605/193623:WARNING:pe_image_reader.cc(280)] could not read dos header from C:\WINDOWS\WinSxS\x86_microsoft.windows.common-controls_6595b64144ccf1df_6.0.10240.16384_none_3bccb1ff6bcd1849\COMCTL32.dll
[0605/193623:ERROR:process_reader_win.cc(232)] ReadMemory at 0x76080000 of 64 bytes failed: 仅完成部分的 ReadProcessMemory 或 WriteProcessMemory 请求。 (0x12B)
[0605/193623:WARNING:pe_image_reader.cc(280)] could not read dos header from C:\WINDOWS\SYSTEM32\COMDLG32.dll
[0605/193623:ERROR:process_reader_win.cc(232)] ReadMemory at 0x73290000 of 64 bytes failed: 仅完成部分的 ReadProcessMemory 或 WriteProcessMemory 请求。 (0x12B)
[0605/193623:WARNING:pe_image_reader.cc(280)] could not read dos header from C:\WINDOWS\SYSTEM32\WINNSI.DLL
[0605/193623:ERROR:process_reader_win.cc(232)] ReadMemory at 0x732a0000 of 64 bytes failed: 仅完成部分的 ReadProcessMemory 或 WriteProcessMemory 请求。 (0x12B)
[0605/193623:WARNING:pe_image_reader.cc(280)] could not read dos header from C:\WINDOWS\SYSTEM32\IPHLPAPI.DLL
[0605/193623:ERROR:process_reader_win.cc(232)] ReadMemory at 0x6c4a0000 of 64 bytes failed: 仅完成部分的 ReadProcessMemory 或 WriteProcessMemory 请求。 (0x12B)
[0605/193623:WARNING:pe_image_reader.cc(280)] could not read dos header from C:\WINDOWS\SYSTEM32\USP10.dll
[0605/193623:ERROR:process_reader_win.cc(232)] ReadMemory at 0x76b40000 of 64 bytes failed: 仅完成部分的 ReadProcessMemory 或 WriteProcessMemory 请求。 (0x12B)
[0605/193623:WARNING:pe_image_reader.cc(280)] could not read dos header from C:\WINDOWS\SYSTEM32\MSASN1.dll
[0605/193623:ERROR:process_reader_win.cc(232)] ReadMemory at 0x762a0000 of 64 bytes failed: 仅完成部分的 ReadProcessMemory 或 WriteProcessMemory 请求。 (0x12B)
[0605/193623:WARNING:pe_image_reader.cc(280)] could not read dos header from C:\WINDOWS\SYSTEM32\CRYPT32.dll
[0605/193623:ERROR:process_reader_win.cc(232)] ReadMemory at 0x766a0000 of 64 bytes failed: 仅完成部分的 ReadProcessMemory 或 WriteProcessMemory 请求。 (0x12B)
[0605/193623:WARNING:pe_image_reader.cc(280)] could not read dos header from C:\WINDOWS\SYSTEM32\WINTRUST.dll
[0605/193623:ERROR:process_reader_win.cc(232)] ReadMemory at 0x72ea0000 of 64 bytes failed: 仅完成部分的 ReadProcessMemory 或 WriteProcessMemory 请求。 (0x12B)
[0605/193623:WARNING:pe_image_reader.cc(280)] could not read dos header from C:\WINDOWS\SYSTEM32\Secur32.dll
[0605/193623:ERROR:process_reader_win.cc(232)] ReadMemory at 0x5fe00000 of 64 bytes failed: 仅完成部分的 ReadProcessMemory 或 WriteProcessMemory 请求。 (0x12B)
[0605/193623:WARNING:pe_image_reader.cc(280)] could not read dos header from C:\Program Files (x86)\Google\Chrome\Application\50.0.2661.102\chrome_child.dll
[0605/193623:ERROR:process_reader_win.cc(232)] ReadMemory at 0x6a680000 of 64 bytes failed: 仅完成部分的 ReadProcessMemory 或 WriteProcessMemory 请求。 (0x12B)
[0605/193623:WARNING:pe_image_reader.cc(280)] could not read dos header from C:\Program Files (x86)\360\360SAFE\360verify.dll
[0605/193623:ERROR:process_reader_win.cc(232)] ReadMemory at 0x71860000 of 64 bytes failed: 仅完成部分的 ReadProcessMemory 或 WriteProcessMemory 请求。 (0x12B)
[0605/193623:WARNING:pe_image_reader.cc(280)] could not read dos header from C:\WINDOWS\SYSTEM32\dwrite.dll
[0605/193623:ERROR:process_reader_win.cc(98)] process 4432 not found
[0605/193623:ERROR:process_reader_win.cc(232)] ReadMemory at 0x3ed1b4 of 12 bytes failed: 仅完成部分的 ReadProcessMemory 或 WriteProcessMemory 请求。 (0x12B)
[0605/193623:WARNING:process_snapshot_win.cc(96)] ReadMemory ExceptionInformation failed
[0605/193623:WARNING:crash_report_exception_handler.cc(60)] ProcessSnapshotWin::InitializeException failed
[0605/193623:ERROR:scoped_process_suspend.cc(38)] NtResumeProcess, ntstatus=-1073741558
[0605/200109:ERROR:process_info.cc(608)] range at 0xfe839000, size 0x230 fully unreadable
[0605/200109:ERROR:process_info.cc(608)] range at 0xfe83f000, size 0xf84 fully unreadable
[0605/200540:ERROR:process_info.cc(608)] range at 0xfef16000, size 0x230 fully unreadable
[0605/200540:ERROR:process_info.cc(608)] range at 0xfef1f000, size 0xf84 fully unreadable
[0605/200540:ERROR:scoped_process_suspend.cc(38)] NtResumeProcess, ntstatus=-1073741558
